<?xml version="1.0" encoding="UTF-8"?>
<testsuite name="com.kodilla.good.patterns.challenges.product.order.ProductOrderServiceTestSuite" tests="1" skipped="0" failures="0" errors="0" timestamp="2018-11-12T12:16:03" hostname="LAPTOP-73GCB4GA" time="0.007">
  <properties/>
  <testcase name="testNewOrder" classname="com.kodilla.good.patterns.challenges.product.order.ProductOrderServiceTestSuite" time="0.007"/>
  <system-out><![CDATA[All products are available!
Mail has been sent to: baggins@bagend.me
Message: Your order is processed.
]]></system-out>
  <system-err><![CDATA[]]></system-err>
</testsuite>
